MPASM 5.64         CONTROL_SD_PIC18F4620.ASM   11-19-2015  0:23:02         PAGE  1


LOC  OBJECT CODE     LINE SOURCE TEXT
  VALUE

                      00001 #include "p18f4620.inc"
                      00001         LIST
                      00002 
                      00003 ;==========================================================================
                      00004 ; Build date : Oct 21 2015
                      00005 ;  MPASM PIC18F4620 processor include
                      00006 ; 
                      00007 ;  (c) Copyright 1999-2015 Microchip Technology, All rights reserved
                      00008 ;==========================================================================
                      00009 
                      01440         LIST
                      00002     
                      00003     errorlevel  -302 
                      00004 
                      00005     ; Configuraciones
                      00006     CONFIG OSC = XT
                      00007     CONFIG BOREN = ON
                      00008     CONFIG WDT = OFF
                      00009 
  00000003            00010 SCK equ 3                           ; TRISC
  00000004            00011 SDI equ 4                           ; SDI es controlado automaticamente por el módulo SPI
  00000005            00012 SDO equ 5                           ; TRISC
  00000005            00013 SS_ equ 5                           ; TRISA
                      00014 
                      00015     
                      00016     org 0x00
                      00017     
000000                00018 Inicio:
000000 6A94           00019     clrf TRISC
000002 6A92           00020     clrf TRISA
000004 6AC6           00021     clrf SSPCON1                    ; Borra registro SSPCON1
000006 6AC7           00022     clrf SSPSTAT                    ; Borra registro SSPSTAT
000008 0EC0           00023     movlw b'11000000'
00000A 6EC7           00024     movwf SSPSTAT                   ; SPI modo maestro - Bit CKE=0
00000C 0E20           00025     movlw b'00100000'               ; Setear SPI en modo maestro
00000E 6EC6           00026     movwf SSPCON1                   ; Habilita puerto serie. Configura SDI, SDO SCK y SS  como pines del
                             puerto serie
                      00027     
                      00028     ; Los pines de conexion se deben comportar como funcion del puerto serie
                      00029     ; SDI es controlado automaticamente por SPI
                      00030     
000010 9A94           00031     bcf TRISC,SDO                   ; SDO como salida
000012 9694           00032     bcf TRISC,SCK                   ; En modo maestro se pone en 0
000014 8A92           00033     bsf TRISA,SS_                   ; SS_ se pone en 1
                      00034     
                      00035     
000016                00036 Inicializar_mmc:
000016 EC?? F???      00037     call CMD0                       ; Manda el comando 0
00001A EC?? F???      00038     call CMD1
00001E EC?? F???      00039     call CMD16
                      00040     
000022                00041 SD_a_SPI:                           ; Al iniciar, la memoria lo hace en modo SD. Por eso se debe poner e
                            n modo SPI
MPASM 5.64         CONTROL_SD_PIC18F4620.ASM   11-19-2015  0:23:02         PAGE  2


LOC  OBJECT CODE     LINE SOURCE TEXT
  VALUE

000022 EC?? F???      00042     call CMD0
000026 8A80           00043     bsf PORTA,SS_
                      00044 
                      00045     
000028 EF?? F???      00046     goto Termina
                      00047   
                      00048 ; RESET DE SD    
00002C                00049 CMD0:               
00002C 0E40           00050     movlw 0x40
00002E 6EC9           00051     movwf SSPBUF
000030 EC?? F???      00052     call Delay
000034 0E00           00053     movlw 0x00
000036 6EC9           00054     movwf SSPBUF
000038 EC?? F???      00055     call Delay
00003C 0E00           00056     movlw 0x00
00003E 6EC9           00057     movwf SSPBUF
000040 EC?? F???      00058     call Delay
000044 0E00           00059     movlw 0x00
000046 6EC9           00060     movwf SSPBUF
000048 EC?? F???      00061     call Delay
00004C 0E00           00062     movlw 0x00
00004E 6EC9           00063     movwf SSPBUF
000050 EC?? F???      00064     call Delay
000054 0E95           00065     movlw 0x95
000056 6EC9           00066     movwf SSPBUF
000058 EC?? F???      00067     call Delay
00005C 0012           00068     return
                      00069 
                      00070 ; INICIALIZACION DE SD    
00005E                00071 CMD1:
00005E 0E41           00072     movlw 0x41
000060 6EC9           00073     movwf SSPBUF
000062 EC?? F???      00074     call Delay
000066 0E00           00075     movlw 0x00
000068 6EC9           00076     movwf SSPBUF
00006A EC?? F???      00077     call Delay
00006E 0E00           00078     movlw 0x00
000070 6EC9           00079     movwf SSPBUF
000072 EC?? F???      00080     call Delay
000076 0E00           00081     movlw 0x00
000078 6EC9           00082     movwf SSPBUF
00007A EC?? F???      00083     call Delay
00007E 0E00           00084     movlw 0x00
000080 6EC9           00085     movwf SSPBUF
000082 EC?? F???      00086     call Delay
000086 0EFF           00087     movlw 0xFF
000088 6EC9           00088     movwf SSPBUF
00008A EC?? F???      00089     call Delay
00008E 0012           00090     return
                      00091 
                      00092 ; CONFIGURACION DEL BLOQUE DE 512 Bytes    
000090                00093 CMD16:
000090 0E50           00094     movlw 0x50
MPASM 5.64         CONTROL_SD_PIC18F4620.ASM   11-19-2015  0:23:02         PAGE  3


LOC  OBJECT CODE     LINE SOURCE TEXT
  VALUE

000092 6EC9           00095     movwf SSPBUF
000094 EC?? F???      00096     call Delay
000098 0E00           00097     movlw 0x00
00009A 6EC9           00098     movwf SSPBUF
00009C EC?? F???      00099     call Delay
0000A0 0E00           00100     movlw 0x00
0000A2 6EC9           00101     movwf SSPBUF
0000A4 EC?? F???      00102     call Delay
0000A8 0E00           00103     movlw 0x00
0000AA 6EC9           00104     movwf SSPBUF
0000AC EC?? F???      00105     call Delay
0000B0 0E00           00106     movlw 0x00
0000B2 6EC9           00107     movwf SSPBUF
0000B4 EC?? F???      00108     call Delay
0000B8 0EFF           00109     movlw 0xFF
0000BA 6EC9           00110     movwf SSPBUF
0000BC EC?? F???      00111     call Delay
0000C0 0012           00112     return
                      00113 
                      00114 ; LECTURA DE UN BLOQUE DE 512 Bytes    
0000C2                00115 CMD17:
0000C2 0E51           00116     movlw 0x51
0000C4 6EC9           00117     movwf SSPBUF
0000C6 EC?? F???      00118     call Delay
0000CA 0E00           00119     movlw 0x00
0000CC 6EC9           00120     movwf SSPBUF
0000CE EC?? F???      00121     call Delay
0000D2 0E00           00122     movlw 0x00
0000D4 6EC9           00123     movwf SSPBUF
0000D6 EC?? F???      00124     call Delay
0000DA 0E02           00125     movlw 0x02
0000DC 6EC9           00126     movwf SSPBUF
0000DE EC?? F???      00127     call Delay
0000E2 0E00           00128     movlw 0x00
0000E4 6EC9           00129     movwf SSPBUF
0000E6 EC?? F???      00130     call Delay
0000EA 0EFF           00131     movlw 0xFF
0000EC 6EC9           00132     movwf SSPBUF
0000EE EC?? F???      00133     call Delay
0000F2 0012           00134     return
                      00135  
                      00136 ; ESCRITURA DE UN BLOQUE DE 512 Bytes    
0000F4                00137 CMD24:
0000F4 0E58           00138     movlw 0x58
0000F6 6EC9           00139     movwf SSPBUF
0000F8 EC?? F???      00140     call Delay
0000FC 0E00           00141     movlw 0x00
0000FE 6EC9           00142     movwf SSPBUF
000100 EC?? F???      00143     call Delay
000104 0E00           00144     movlw 0x00
000106 6EC9           00145     movwf SSPBUF
000108 EC?? F???      00146     call Delay
00010C 0E02           00147     movlw 0x02
MPASM 5.64         CONTROL_SD_PIC18F4620.ASM   11-19-2015  0:23:02         PAGE  4


LOC  OBJECT CODE     LINE SOURCE TEXT
  VALUE

00010E 6EC9           00148     movwf SSPBUF
000110 EC?? F???      00149     call Delay
000114 0E00           00150     movlw 0x00
000116 6EC9           00151     movwf SSPBUF
000118 EC?? F???      00152     call Delay
00011C 0EFF           00153     movlw 0xFF
00011E 6EC9           00154     movwf SSPBUF
000120 EC?? F???      00155     call Delay
000124 0012           00156     return
                      00157     
                      00158 ; RESPUESTAS DE LOS COMANDOS
000126                00159 CMD0_RESPUESTA:
000126 0EFF           00160     movlw 0xff
000128 6EC9           00161     movwf SSPBUF
00012A EC?? F???      00162     call Delay
00012E 0E01           00163     movlw 0x01
000130 5CC9           00164     subwf SSPBUF,0
000132 A2D8           00165     btfss STATUS,DC
000134 EF?? F???      00166     goto CMD0_RESPUESTA
000138 0EFF           00167     movlw 0xff
00013A 6EC9           00168     movwf SSPBUF
00013C EC?? F???      00169     call Delay
                      00170     
000140                00171 Termina:   
000140 9A92           00172     bcf TRISA,5
000142 EF?? F???      00173     goto Termina
                      00174     
                      00175     #include <RETARDOS.inc>
                      00001 
                      00002 
                      00003 
Message[313]: CBLOCK constants will start with a value of 0.
                      00004     CBLOCK
  00000000            00005         Conta1
  00000001            00006         Conta2
  00000002            00007         Conta3
                      00008     ENDC
                      00009 ;Retardo_20ms *********************
000146                00010 Retardo_20ms
000146 0EF7           00011     movlw  .247
000148 6E00           00012     movwf  Conta1
00014A 0E1A           00013     movlw  .26
00014C 6E01           00014     movwf  Conta2
00014E                00015 Re_20ms
00014E 2E00           00016     decfsz Conta1, F  ;Salta cuando Conta1 llega a 0
000150 D???           00017     bra    Re_20ms    ;Salta a Repeat para Decrementar Conta1
000152 2E01           00018     decfsz Conta2, F  ;Salta cuando Conta2 llega a 0
000154 D???           00019     bra    Re_20ms    ;Salta a Repeat
000156 0012           00020     Return
                      00021  
                      00022 ;Retardo_5ms *********************
000158                00023 Retardo_5ms
000158 0E92           00024     movlw  .146
MPASM 5.64         CONTROL_SD_PIC18F4620.ASM   11-19-2015  0:23:02         PAGE  5


LOC  OBJECT CODE     LINE SOURCE TEXT
  VALUE

00015A 6E00           00025     movwf  Conta1
00015C 0E07           00026     movlw  .7
00015E 6E01           00027     movwf  Conta2
000160                00028 Re_5ms
000160 2E00           00029     decfsz Conta1, F ;Salta cuando Conta1 llega a 0
000162 D???           00030     bra    Re_5ms    ;Salta a Repeat para Decrementar Conta1
000164 2E01           00031     decfsz Conta2, F ;Salta cuando Conta2 llega a 0
000166 D???           00032     bra    Re_5ms    ;Salta a Repeat
000168 0012           00033     Return
                      00034  
                      00035 ;Retardo_200us *********************
00016A                00036 Retardo_200us
00016A 0E41           00037     movlw  .65
00016C 6E00           00038     movwf  Conta1
00016E                00039 Re_200us
00016E 2E00           00040     decfsz  Conta1, F ;Salta cuando Conta1 llega a 0
000170 D???           00041     bra     Re_200us  ;Salta a Repeat para Decrementar Conta1
000172 0012           00042     Return
                      00043  
                      00044 ;Retardo_2ms *********************
000174                00045 Retardo_2ms
000174 0E97           00046     movlw  .151
000176 6E00           00047     movwf  Conta1
000178 0E03           00048     movlw  .3
00017A 6E01           00049     movwf  Conta2
00017C                00050 Re_2ms
00017C 2E00           00051     decfsz  Conta1, F ;Salta cuando Conta1 llega a 0
00017E D???           00052     bra     Re_2ms    ;Salta a Repeat para Decrementar Conta1
000180 2E01           00053     decfsz  Conta2, F ;Salta cuando Conta2 llega a 0
000182 D???           00054     bra     Re_2ms    ;Salta a Repeat
000184 0012           00055     Return
                      00056  
                      00057 ;Retardo_50us *********************
000186                00058 Retardo_50us
000186 0E0F           00059     movlw  .15
000188 6E00           00060     movwf  Conta1
00018A                00061 Re_50us
00018A 2E00           00062     decfsz Conta1, F ;Salta cuando Conta1 llega a 0
00018C D???           00063     bra    Re_50us   ;Salta a Repeat para Decrementar Conta1
00018E 0012           00064     Return
                      00065  
000190                00066 Delay
000190 6A00           00067     clrf   Conta1
000192 6A01           00068     clrf   Conta2
000194 0E03           00069     movlw  .3
000196 6E02           00070     movwf  Conta3
000198                00071 Re_Delay
000198 2E00           00072     decfsz Conta1, F ;Salta cuando Conta1 llega a 0
00019A D???           00073     bra    Re_Delay  ;Salta a Repeat para Decrementar Conta1
                      00074  
00019C 2E01           00075     decfsz Conta2, F ;Salta cuando Conta2 llega a 0
00019E D???           00076     bra    Re_Delay  ;Salta a Repeat
                      00077  
MPASM 5.64         CONTROL_SD_PIC18F4620.ASM   11-19-2015  0:23:02         PAGE  6


LOC  OBJECT CODE     LINE SOURCE TEXT
  VALUE

0001A0 2E02           00078     decfsz Conta3, F
0001A2 D???           00079     bra    Re_Delay
                      00080  
0001A4 0012           00081     Return
                      00082 
                      00083 
                      00176     
                      00177     end
MPASM 5.64         CONTROL_SD_PIC18F4620.ASM   11-19-2015  0:23:02         PAGE  7


SYMBOL TABLE
  LABEL                             VALUE 

A                                 00000000
ABDEN                             00000000
ABDOVF                            00000007
ACCESS                            00000000
ACKDT                             00000005
ACKEN                             00000004
ACKSTAT                           00000006
ACQT0                             00000003
ACQT1                             00000004
ACQT2                             00000005
ADCON0                            00000FC2
ADCON1                            00000FC1
ADCON2                            00000FC0
ADCS0                             00000000
ADCS1                             00000001
ADCS2                             00000002
ADDEN                             00000003
ADEN                              00000003
ADFM                              00000007
ADIE                              00000006
ADIF                              00000006
ADIP                              00000006
ADON                              00000000
ADRES                             00000FC3
ADRESH                            00000FC4
ADRESL                            00000FC3
AN10                              00000001
AN11                              00000004
AN12                              00000000
AN4                               00000005
AN5                               00000000
AN6                               00000001
AN7                               00000002
AN8                               00000002
AN9                               00000003
BANKED                            00000001
BAUDCON                           00000FB8
BAUDCTL                           00000FB8
BCLIE                             00000003
BCLIF                             00000003
BCLIP                             00000003
BF                                00000000
BGST                              00000005
BOR                               00000000
BRG16                             00000003
BRGH                              00000002
BSR                               00000FE0
C                                 00000000
C1INV                             00000004
C1OUT                             00000006
C2INV                             00000005
C2OUT                             00000007
CCP1                              00000002
MPASM 5.64         CONTROL_SD_PIC18F4620.ASM   11-19-2015  0:23:02         PAGE  8


SYMBOL TABLE
  LABEL                             VALUE 

CCP1CON                           00000FBD
CCP1IE                            00000002
CCP1IF                            00000002
CCP1IP                            00000002
CCP1M0                            00000000
CCP1M1                            00000001
CCP1M2                            00000002
CCP1M3                            00000003
CCP1X                             00000005
CCP1Y                             00000004
CCP2CON                           00000FBA
CCP2IE                            00000000
CCP2IF                            00000000
CCP2IP                            00000000
CCP2M0                            00000000
CCP2M1                            00000001
CCP2M2                            00000002
CCP2M3                            00000003
CCP2X                             00000005
CCP2Y                             00000004
CCP2_PORTB                        00000003
CCP2_PORTC                        00000001
CCPR1                             00000FBE
CCPR1H                            00000FBF
CCPR1L                            00000FBE
CCPR2                             00000FBB
CCPR2H                            00000FBC
CCPR2L                            00000FBB
CFGS                              00000006
CHS0                              00000002
CHS1                              00000003
CHS2                              00000004
CHS3                              00000005
CIS                               00000003
CK                                00000006
CKE                               00000006
CKP                               00000004
CM0                               00000000
CM1                               00000001
CM2                               00000002
CMCON                             00000FB4
CMD0                              0000002C
CMD0_RESPUESTA                    00000126
CMD1                              0000005E
CMD16                             00000090
CMD17                             000000C2
CMD24                             000000F4
CMIE                              00000006
CMIF                              00000006
CMIP                              00000006
CREN                              00000004
CS                                00000002
CSRC                              00000007
MPASM 5.64         CONTROL_SD_PIC18F4620.ASM   11-19-2015  0:23:02         PAGE  9


SYMBOL TABLE
  LABEL                             VALUE 

CVR0                              00000000
CVR1                              00000001
CVR2                              00000002
CVR3                              00000003
CVRCON                            00000FB5
CVREN                             00000007
CVROE                             00000006
CVRR                              00000005
CVRSS                             00000004
Conta1                            00000000
Conta2                            00000001
Conta3                            00000002
D                                 00000005
DC                                00000001
DC1B0                             00000004
DC1B1                             00000005
DC2B0                             00000004
DC2B1                             00000005
DDRA                              TRISA
DDRB                              TRISB
DDRC                              TRISC
DDRD                              TRISD
DDRE                              TRISE
DONE                              00000001
D_A                               00000005
D_NOT_A                           00000005
Delay                             00000190
ECCP1AS                           00000FB6
ECCPAS0                           00000004
ECCPAS1                           00000005
ECCPAS2                           00000006
ECCPASE                           00000007
EEADR                             00000FA9
EEADRH                            00000FAA
EECON1                            00000FA6
EECON2                            00000FA7
EEDATA                            00000FA8
EEIE                              00000004
EEIF                              00000004
EEIP                              00000004
EEPGD                             00000007
FAST                              00000001
FERR                              00000002
FREE                              00000004
FSR0                              00000000
FSR0H                             00000FEA
FSR0L                             00000FE9
FSR1                              00000001
FSR1H                             00000FE2
FSR1L                             00000FE1
FSR2                              00000002
FSR2H                             00000FDA
FSR2L                             00000FD9
MPASM 5.64         CONTROL_SD_PIC18F4620.ASM   11-19-2015  0:23:02         PAGE 10


SYMBOL TABLE
  LABEL                             VALUE 

GCEN                              00000007
GIE                               00000007
GIEH                              00000007
GIEL                              00000006
GIE_GIEH                          00000007
GO                                00000001
GO_DONE                           00000001
GO_NOT_DONE                       00000001
HLVDCON                           00000FD2
HLVDEN                            00000004
HLVDIE                            00000002
HLVDIF                            00000002
HLVDIN                            00000005
HLVDIP                            00000002
HLVDL0                            00000000
HLVDL1                            00000001
HLVDL2                            00000002
HLVDL3                            00000003
IBF                               00000007
IBOV                              00000005
IDLEN                             00000007
INDF0                             00000FEF
INDF1                             00000FE7
INDF2                             00000FDF
INT0                              00000000
INT0E                             00000004
INT0F                             00000001
INT0IE                            00000004
INT0IF                            00000001
INT1                              00000001
INT1E                             00000003
INT1F                             00000000
INT1IE                            00000003
INT1IF                            00000000
INT1IP                            00000006
INT1P                             00000006
INT2                              00000002
INT2E                             00000004
INT2F                             00000001
INT2IE                            00000004
INT2IF                            00000001
INT2IP                            00000007
INT2P                             00000007
INTCON                            00000FF2
INTCON2                           00000FF1
INTCON3                           00000FF0
INTEDG0                           00000006
INTEDG1                           00000005
INTEDG2                           00000004
INTSRC                            00000007
IOFS                              00000002
IPEN                              00000007
IPR1                              00000F9F
MPASM 5.64         CONTROL_SD_PIC18F4620.ASM   11-19-2015  0:23:02         PAGE 11


SYMBOL TABLE
  LABEL                             VALUE 

IPR2                              00000FA2
IRCF0                             00000004
IRCF1                             00000005
IRCF2                             00000006
IRVST                             00000005
IVRST                             00000005
Inicializar_mmc                   00000016
Inicio                            00000000
KBI0                              00000004
KBI1                              00000005
KBI2                              00000006
KBI3                              00000007
LATA                              00000F89
LATA0                             00000000
LATA1                             00000001
LATA2                             00000002
LATA3                             00000003
LATA4                             00000004
LATA5                             00000005
LATA6                             00000006
LATA7                             00000007
LATB                              00000F8A
LATB0                             00000000
LATB1                             00000001
LATB2                             00000002
LATB3                             00000003
LATB4                             00000004
LATB5                             00000005
LATB6                             00000006
LATB7                             00000007
LATC                              00000F8B
LATC0                             00000000
LATC1                             00000001
LATC2                             00000002
LATC3                             00000003
LATC4                             00000004
LATC5                             00000005
LATC6                             00000006
LATC7                             00000007
LATD                              00000F8C
LATD0                             00000000
LATD1                             00000001
LATD2                             00000002
LATD3                             00000003
LATD4                             00000004
LATD5                             00000005
LATD6                             00000006
LATD7                             00000007
LATE                              00000F8D
LATE0                             00000000
LATE1                             00000001
LATE2                             00000002
LVDCON                            00000FD2
MPASM 5.64         CONTROL_SD_PIC18F4620.ASM   11-19-2015  0:23:02         PAGE 12


SYMBOL TABLE
  LABEL                             VALUE 

LVDEN                             00000004
LVDIE                             00000002
LVDIF                             00000002
LVDIN                             00000005
LVDIP                             00000002
LVDL0                             00000000
LVDL1                             00000001
LVDL2                             00000002
LVDL3                             00000003
LVV0                              00000000
LVV1                              00000001
LVV2                              00000002
LVV3                              00000003
MCLR                              00000003
N                                 00000004
NOT_A                             00000005
NOT_ADDRESS                       00000005
NOT_BOR                           00000000
NOT_CS                            00000002
NOT_DONE                          00000001
NOT_MCLR                          00000003
NOT_PD                            00000002
NOT_POR                           00000001
NOT_RBPU                          00000007
NOT_RD                            00000000
NOT_RI                            00000004
NOT_SS                            00000005
NOT_T1SYNC                        00000002
NOT_T3SYNC                        00000002
NOT_TO                            00000003
NOT_W                             00000002
NOT_WR                            00000001
NOT_WRITE                         00000002
OBF                               00000006
OERR                              00000001
OSCCON                            00000FD3
OSCFIE                            00000007
OSCFIF                            00000007
OSCFIP                            00000007
OSCTUNE                           00000F9B
OSTS                              00000003
OV                                00000003
P                                 00000004
P1B                               00000005
P1C                               00000006
P1D                               00000007
P1M0                              00000006
P1M1                              00000007
PC                                00000FF9
PCFG0                             00000000
PCFG1                             00000001
PCFG2                             00000002
PCFG3                             00000003
MPASM 5.64         CONTROL_SD_PIC18F4620.ASM   11-19-2015  0:23:02         PAGE 13


SYMBOL TABLE
  LABEL                             VALUE 

PCL                               00000FF9
PCLATH                            00000FFA
PCLATU                            00000FFB
PD                                00000002
PDC0                              00000000
PDC1                              00000001
PDC2                              00000002
PDC3                              00000003
PDC4                              00000004
PDC5                              00000005
PDC6                              00000006
PEIE                              00000006
PEIE_GIEL                         00000006
PEN                               00000002
PGC                               00000006
PGD                               00000007
PGM                               00000005
PIE1                              00000F9D
PIE2                              00000FA0
PIR1                              00000F9E
PIR2                              00000FA1
PLLEN                             00000006
PLUSW0                            00000FEB
PLUSW1                            00000FE3
PLUSW2                            00000FDB
POR                               00000001
PORTA                             00000F80
PORTB                             00000F81
PORTC                             00000F82
PORTD                             00000F83
PORTE                             00000F84
POSTDEC0                          00000FED
POSTDEC1                          00000FE5
POSTDEC2                          00000FDD
POSTINC0                          00000FEE
POSTINC1                          00000FE6
POSTINC2                          00000FDE
PR2                               00000FCB
PREINC0                           00000FEC
PREINC1                           00000FE4
PREINC2                           00000FDC
PROD                              00000FF3
PRODH                             00000FF4
PRODL                             00000FF3
PRSEN                             00000007
PSA                               00000003
PSP0                              00000000
PSP1                              00000001
PSP2                              00000002
PSP3                              00000003
PSP4                              00000004
PSP5                              00000005
PSP6                              00000006
MPASM 5.64         CONTROL_SD_PIC18F4620.ASM   11-19-2015  0:23:02         PAGE 14


SYMBOL TABLE
  LABEL                             VALUE 

PSP7                              00000007
PSPIE                             00000007
PSPIF                             00000007
PSPIP                             00000007
PSPMODE                           00000004
PSSAC0                            00000002
PSSAC1                            00000003
PSSBD0                            00000000
PSSBD1                            00000001
PWM1CON                           00000FB7
R                                 00000002
RA0                               00000000
RA1                               00000001
RA2                               00000002
RA3                               00000003
RA4                               00000004
RA5                               00000005
RA6                               00000006
RA7                               00000007
RB0                               00000000
RB1                               00000001
RB2                               00000002
RB3                               00000003
RB4                               00000004
RB5                               00000005
RB6                               00000006
RB7                               00000007
RBIE                              00000003
RBIF                              00000000
RBIP                              00000000
RBPU                              00000007
RC0                               00000000
RC1                               00000001
RC2                               00000002
RC3                               00000003
RC4                               00000004
RC5                               00000005
RC6                               00000006
RC7                               00000007
RCEN                              00000003
RCIDL                             00000006
RCIE                              00000005
RCIF                              00000005
RCIP                              00000005
RCMT                              00000006
RCON                              00000FD0
RCREG                             00000FAE
RCSTA                             00000FAB
RD                                00000000
RD0                               00000000
RD1                               00000001
RD16                              00000007
RD2                               00000002
MPASM 5.64         CONTROL_SD_PIC18F4620.ASM   11-19-2015  0:23:02         PAGE 15


SYMBOL TABLE
  LABEL                             VALUE 

RD3                               00000003
RD4                               00000004
RD5                               00000005
RD6                               00000006
RD7                               00000007
RE0                               00000000
RE1                               00000001
RE2                               00000002
RE3                               00000003
RI                                00000004
RSEN                              00000001
RX                                00000007
RX9                               00000006
RX9D                              00000000
RXCKP                             00000005
RXDTP                             00000005
R_NOT_W                           00000002
R_W                               00000002
Re_200us                          0000016E
Re_20ms                           0000014E
Re_2ms                            0000017C
Re_50us                           0000018A
Re_5ms                            00000160
Re_Delay                          00000198
Retardo_200us                     0000016A
Retardo_20ms                      00000146
Retardo_2ms                       00000174
Retardo_50us                      00000186
Retardo_5ms                       00000158
S                                 00000003
SBOREN                            00000006
SCK                               00000003
SCKP                              00000004
SCL                               00000003
SCS0                              00000000
SCS1                              00000001
SDA                               00000004
SDI                               00000004
SDO                               00000005
SD_a_SPI                          00000022
SEN                               00000000
SENDB                             00000003
SMP                               00000007
SP0                               00000000
SP1                               00000001
SP2                               00000002
SP3                               00000003
SP4                               00000004
SPBRG                             00000FAF
SPBRGH                            00000FB0
SPEN                              00000007
SREN                              00000005
SS                                00000005
MPASM 5.64         CONTROL_SD_PIC18F4620.ASM   11-19-2015  0:23:02         PAGE 16


SYMBOL TABLE
  LABEL                             VALUE 

SSPADD                            00000FC8
SSPBUF                            00000FC9
SSPCON1                           00000FC6
SSPCON2                           00000FC5
SSPEN                             00000005
SSPIE                             00000003
SSPIF                             00000003
SSPIP                             00000003
SSPM0                             00000000
SSPM1                             00000001
SSPM2                             00000002
SSPM3                             00000003
SSPOV                             00000006
SSPSTAT                           00000FC7
SS_                               00000005
STATUS                            00000FD8
STKFUL                            00000007
STKOVF                            00000007
STKPTR                            00000FFC
STKPTR0                           00000000
STKPTR1                           00000001
STKPTR2                           00000002
STKPTR3                           00000003
STKPTR4                           00000004
STKUNF                            00000006
SWDTE                             00000000
SWDTEN                            00000000
SYNC                              00000004
T016BIT                           00000006
T08BIT                            00000006
T0CKI                             00000004
T0CON                             00000FD5
T0CS                              00000005
T0IE                              00000005
T0IF                              00000002
T0PS0                             00000000
T0PS1                             00000001
T0PS2                             00000002
T0SE                              00000004
T13CKI                            00000000
T1CKI                             00000000
T1CKPS0                           00000004
T1CKPS1                           00000005
T1CON                             00000FCD
T1OSCEN                           00000003
T1OSI                             00000001
T1OSO                             00000000
T1RUN                             00000006
T1SYNC                            00000002
T2CKPS0                           00000000
T2CKPS1                           00000001
T2CON                             00000FCA
T2OUTPS0                          00000003
MPASM 5.64         CONTROL_SD_PIC18F4620.ASM   11-19-2015  0:23:02         PAGE 17


SYMBOL TABLE
  LABEL                             VALUE 

T2OUTPS1                          00000004
T2OUTPS2                          00000005
T2OUTPS3                          00000006
T3CCP1                            00000003
T3CCP2                            00000006
T3CKPS0                           00000004
T3CKPS1                           00000005
T3CON                             00000FB1
T3SYNC                            00000002
TABLAT                            00000FF5
TBLPTR                            00000FF6
TBLPTRH                           00000FF7
TBLPTRL                           00000FF6
TBLPTRU                           00000FF8
TMR0                              00000FD6
TMR0H                             00000FD7
TMR0IE                            00000005
TMR0IF                            00000002
TMR0IP                            00000002
TMR0L                             00000FD6
TMR0ON                            00000007
TMR1                              00000FCE
TMR1CS                            00000001
TMR1H                             00000FCF
TMR1IE                            00000000
TMR1IF                            00000000
TMR1IP                            00000000
TMR1L                             00000FCE
TMR1ON                            00000000
TMR2                              00000FCC
TMR2IE                            00000001
TMR2IF                            00000001
TMR2IP                            00000001
TMR2ON                            00000002
TMR3                              00000FB2
TMR3CS                            00000001
TMR3H                             00000FB3
TMR3IE                            00000001
TMR3IF                            00000001
TMR3IP                            00000001
TMR3L                             00000FB2
TMR3ON                            00000000
TO                                00000003
TOS                               00000FFD
TOSH                              00000FFE
TOSL                              00000FFD
TOSU                              00000FFF
TRISA                             00000F92
TRISA0                            00000000
TRISA1                            00000001
TRISA2                            00000002
TRISA3                            00000003
TRISA4                            00000004
MPASM 5.64         CONTROL_SD_PIC18F4620.ASM   11-19-2015  0:23:02         PAGE 18


SYMBOL TABLE
  LABEL                             VALUE 

TRISA5                            00000005
TRISA6                            00000006
TRISA7                            00000007
TRISB                             00000F93
TRISB0                            00000000
TRISB1                            00000001
TRISB2                            00000002
TRISB3                            00000003
TRISB4                            00000004
TRISB5                            00000005
TRISB6                            00000006
TRISB7                            00000007
TRISC                             00000F94
TRISC0                            00000000
TRISC1                            00000001
TRISC2                            00000002
TRISC3                            00000003
TRISC4                            00000004
TRISC5                            00000005
TRISC6                            00000006
TRISC7                            00000007
TRISD                             00000F95
TRISD0                            00000000
TRISD1                            00000001
TRISD2                            00000002
TRISD3                            00000003
TRISD4                            00000004
TRISD5                            00000005
TRISD6                            00000006
TRISD7                            00000007
TRISE                             00000F96
TRISE0                            00000000
TRISE1                            00000001
TRISE2                            00000002
TRMT                              00000001
TUN0                              00000000
TUN1                              00000001
TUN2                              00000002
TUN3                              00000003
TUN4                              00000004
TX                                00000006
TX9                               00000006
TX9D                              00000000
TXCKP                             00000004
TXEN                              00000005
TXIE                              00000004
TXIF                              00000004
TXIP                              00000004
TXREG                             00000FAD
TXSTA                             00000FAC
Termina                           00000140
UA                                00000001
VCFG0                             00000004
MPASM 5.64         CONTROL_SD_PIC18F4620.ASM   11-19-2015  0:23:02         PAGE 19


SYMBOL TABLE
  LABEL                             VALUE 

VCFG1                             00000005
VDIRMAG                           00000007
VPP                               00000003
W                                 00000000
WCOL                              00000007
WDTCON                            00000FD1
WR                                00000001
WREG                              00000FE8
WREN                              00000002
WRERR                             00000003
WUE                               00000001
Z                                 00000002
_BOREN_NOSLP_2L                   000000FD
_BOREN_OFF_2L                     000000F9
_BOREN_ON_2L                      000000FB
_BOREN_SBORDIS_2L                 000000FF
_BORV_0_2L                        000000E7
_BORV_1_2L                        000000EF
_BORV_2_2L                        000000F7
_BORV_3_2L                        000000FF
_CCP2MX_PORTBE_3H                 000000FE
_CCP2MX_PORTC_3H                  000000FF
_CONFIG1H                         00300001
_CONFIG2H                         00300003
_CONFIG2L                         00300002
_CONFIG3H                         00300005
_CONFIG4L                         00300006
_CONFIG5H                         00300009
_CONFIG5L                         00300008
_CONFIG6H                         0030000B
_CONFIG6L                         0030000A
_CONFIG7H                         0030000D
_CONFIG7L                         0030000C
_CP0_OFF_5L                       000000FF
_CP0_ON_5L                        000000FE
_CP1_OFF_5L                       000000FF
_CP1_ON_5L                        000000FD
_CP2_OFF_5L                       000000FF
_CP2_ON_5L                        000000FB
_CP3_OFF_5L                       000000FF
_CP3_ON_5L                        000000F7
_CPB_OFF_5H                       000000FF
_CPB_ON_5H                        000000BF
_CPD_OFF_5H                       000000FF
_CPD_ON_5H                        0000007F
_DEBUG_OFF_4L                     000000FF
_DEBUG_ON_4L                      0000007F
_DEVID1                           003FFFFE
_DEVID2                           003FFFFF
_EBTR0_OFF_7L                     000000FF
_EBTR0_ON_7L                      000000FE
_EBTR1_OFF_7L                     000000FF
_EBTR1_ON_7L                      000000FD
MPASM 5.64         CONTROL_SD_PIC18F4620.ASM   11-19-2015  0:23:02         PAGE 20


SYMBOL TABLE
  LABEL                             VALUE 

_EBTR2_OFF_7L                     000000FF
_EBTR2_ON_7L                      000000FB
_EBTR3_OFF_7L                     000000FF
_EBTR3_ON_7L                      000000F7
_EBTRB_OFF_7H                     000000FF
_EBTRB_ON_7H                      000000BF
_FCMEN_OFF_1H                     000000BF
_FCMEN_ON_1H                      000000FF
_IDLOC0                           00200000
_IDLOC1                           00200001
_IDLOC2                           00200002
_IDLOC3                           00200003
_IDLOC4                           00200004
_IDLOC5                           00200005
_IDLOC6                           00200006
_IDLOC7                           00200007
_IESO_OFF_1H                      0000007F
_IESO_ON_1H                       000000FF
_LPT1OSC_OFF_3H                   000000FB
_LPT1OSC_ON_3H                    000000FF
_LVP_OFF_4L                       000000FB
_LVP_ON_4L                        000000FF
_MCLRE_OFF_3H                     0000007F
_MCLRE_ON_3H                      000000FF
_OSC_ECIO6_1H                     000000F5
_OSC_EC_1H                        000000F4
_OSC_HSPLL_1H                     000000F6
_OSC_HS_1H                        000000F2
_OSC_INTIO67_1H                   000000F8
_OSC_INTIO7_1H                    000000F9
_OSC_LP_1H                        000000F0
_OSC_RCIO6_1H                     000000F7
_OSC_RC_1H                        000000F3
_OSC_XT_1H                        000000F1
_PBADEN_OFF_3H                    000000FD
_PBADEN_ON_3H                     000000FF
_PWRT_OFF_2L                      000000FF
_PWRT_ON_2L                       000000FE
_STVREN_OFF_4L                    000000FE
_STVREN_ON_4L                     000000FF
_WDTPS_1024_2H                    000000F5
_WDTPS_128_2H                     000000EF
_WDTPS_16384_2H                   000000FD
_WDTPS_16_2H                      000000E9
_WDTPS_1_2H                       000000E1
_WDTPS_2048_2H                    000000F7
_WDTPS_256_2H                     000000F1
_WDTPS_2_2H                       000000E3
_WDTPS_32768_2H                   000000FF
_WDTPS_32_2H                      000000EB
_WDTPS_4096_2H                    000000F9
_WDTPS_4_2H                       000000E5
_WDTPS_512_2H                     000000F3
MPASM 5.64         CONTROL_SD_PIC18F4620.ASM   11-19-2015  0:23:02         PAGE 21


SYMBOL TABLE
  LABEL                             VALUE 

_WDTPS_64_2H                      000000ED
_WDTPS_8192_2H                    000000FB
_WDTPS_8_2H                       000000E7
_WDT_OFF_2H                       000000FE
_WDT_ON_2H                        000000FF
_WRT0_OFF_6L                      000000FF
_WRT0_ON_6L                       000000FE
_WRT1_OFF_6L                      000000FF
_WRT1_ON_6L                       000000FD
_WRT2_OFF_6L                      000000FF
_WRT2_ON_6L                       000000FB
_WRT3_OFF_6L                      000000FF
_WRT3_ON_6L                       000000F7
_WRTB_OFF_6H                      000000FF
_WRTB_ON_6H                       000000BF
_WRTC_OFF_6H                      000000FF
_WRTC_ON_6H                       000000DF
_WRTD_OFF_6H                      000000FF
_WRTD_ON_6H                       0000007F
_XINST_OFF_4L                     000000BF
_XINST_ON_4L                      000000FF
__18F4620                         00000001

Errors   :     0
Warnings :     0 reported,     0 suppressed
Messages :     1 reported,     0 suppressed

