MPASM 5.62  /HOME/JOSE/CARPETA_GITHUB/MIS_PR   10-12-2015  17:35:19         PAGE  1


LOC  OBJECT CODE     LINE SOURCE TEXT
  VALUE

                      00001 ;******************************************************************************
                      00002 ; Practica 7: Un numero binario de 8 bits es convertido a BCD. El resultado se 
                      00003 ; guardara en 3 posiciones de la RAM de datos (centenas, decenas y unidades). 
                      00004 ; Finalmente en resultado de unidades y decenas sera visible en los LEDs conectados
                      00005 ; al puerto B.
                      00006 ; MCE Starter KIT Student.
                      00007 ; Autor: José O. Chelotti
                      00008 ;******************************************************************************
                      00009     
                      00010 #include <p18f4620.inc>
                      00001         LIST
                      00002 
                      00003 ;==========================================================================
                      00004 ; Build date : Apr 06 2015
                      00005 ;  MPASM PIC18F4620 processor include
                      00006 ; 
                      00007 ;  (c) Copyright 1999-2015 Microchip Technology, All rights reserved
                      00008 ;==========================================================================
                      00009 
                      01440         LIST
                      00011     
                      00012   ; CONFIG1H
                      00013   CONFIG  OSC = XT              ; Oscillator Selection bits (XT oscillator)
                      00014   CONFIG  FCMEN = OFF           ; Fail-Safe Clock Monitor Enable bit (Fail-Safe Clock Monitor disabled)
                      00015   CONFIG  IESO = OFF            ; Internal/External Oscillator Switchover bit (Oscillator Switchover mod
                            e disabled)
                      00016 
                      00017 ; CONFIG2L
                      00018   CONFIG  PWRT = OFF            ; Power-up Timer Enable bit (PWRT disabled)
                      00019   CONFIG  BOREN = ON            ; Brown-out Reset Enable bits (Brown-out Reset enabled and controlled by
                             software (SBOREN is enabled))
                      00020   CONFIG  BORV = 3              ; Brown Out Reset Voltage bits (Minimum setting)
                      00021 
                      00022 ; CONFIG2H
                      00023   CONFIG  WDT = OFF             ; Watchdog Timer Enable bit (WDT disabled (control is placed on the SWDT
                            EN bit))
                      00024   CONFIG  WDTPS = 32768         ; Watchdog Timer Postscale Select bits (1:32768)
                      00025 
                      00026 ; CONFIG3H
                      00027   CONFIG  CCP2MX = PORTC        ; CCP2 MUX bit (CCP2 input/output is multiplexed with RC1)
                      00028   CONFIG  PBADEN = ON           ; PORTB A/D Enable bit (PORTB<4:0> pins are configured as analog input c
                            hannels on Reset)
                      00029   CONFIG  LPT1OSC = OFF         ; Low-Power Timer1 Oscillator Enable bit (Timer1 configured for higher p
                            ower operation)
                      00030   CONFIG  MCLRE = ON            ; MCLR Pin Enable bit (MCLR pin enabled; RE3 input pin disabled)
                      00031 
                      00032 ; CONFIG4L
                      00033   CONFIG  STVREN = ON           ; Stack Full/Underflow Reset Enable bit (Stack full/underflow will cause
                             Reset)
                      00034   CONFIG  LVP = ON              ; Single-Supply ICSP Enable bit (Single-Supply ICSP enabled)
                      00035   CONFIG  XINST = OFF           ; Extended Instruction Set Enable bit (Instruction set extension and Ind
                            exed Addressing mode disabled (Legacy mode)) 
                      00036   
MPASM 5.62  /HOME/JOSE/CARPETA_GITHUB/MIS_PR   10-12-2015  17:35:19         PAGE  2


LOC  OBJECT CODE     LINE SOURCE TEXT
  VALUE

                      00037         cblock 0x20
  00000020            00038             Centenas
  00000021            00039             Decenas
  00000022            00040             Unidades
  00000023            00041             centena
  00000024            00042             decena
  00000025            00043             unidad
  00000026            00044             Delay1
  00000027            00045             Delay2
                      00046         endc
                      00047     
  00000076            00048 Numero EQU d'118'
                      00049  
                      00050 ; ************** Comandos Constantes de Software *********************
  00000080            00051 LCDLinea1       EQU h'80'           ; Dir de comienzo linea 1
  000000C0            00052 LCDLinea2       EQU h'C0'           ; Dir de comienzo linea 2
  00000001            00053 LCDCLR          EQU h'01'           ; Borra pantalla cursos home
  00000002            00054 LCDCasa         EQU h'02'           ; Cursor home, DDRAM sin cambios
  00000006            00055 LCDInc          EQU h'06'           ; Modo incremento del cursor despues de cada caracter
  00000004            00056 LCDDec          EQU h'04'           ; Modo decremento del cursor idem
  0000000C            00057 LCDOn           EQU h'0C'           ; Pantalla On
  00000008            00058 LCDOff          EQU h'08'           ; Pantalla Off
  0000000E            00059 CursOn          EQU h'0E'           ; Pantalla On, Cursor On
  0000000C            00060 CursOff         EQU h'0C'           ; Pantalla On, Cursor Off
  0000000F            00061 CursBlink       EQU h'0F'           ; Pantalla On, Cursor Parpadeo
  00000018            00062 LCDIzda         EQU h'18'           ; Pantalla desplazada a la Izquierda
  0000001C            00063 LCDDecha        EQU h'1C'           ; Pantalla desplazada a la Derecha
  0000010C            00064 CursIzda        EQU h'10C'          ; Cursor a la izquierda
  0000014C            00065 CursDecha       EQU h'14C'          ; Cursor a la derecha
  0000038C            00066 LCDFuncion      EQU h'38C'          ; Inicializacion registro de Funcion (verificar DL)
  0000040C            00067 LCDCGRAM        EQU h'40C'          ; Dir origen CGRAM      
                      00068  
                      00069 ;********************************************************************************
                      00070         
                      00071 BINaBCD macro Centenas, Decenas, Unidades, w
                      00072  
                      00073 Bin_a_BCD:
                      00074         clrf    Centenas        ;Limpio las centenas
                      00075         clrf    Decenas         ;Limpio las decenas
                      00076         movwf   Unidades        ;Cargo el valor a convertir en unidades
                      00077         
                      00078 Resta10:
                      00079         movlw   d'10'           ;Asigno 10 a w
                      00080         subwf   Unidades,0      ;Resto 10 a unidades
                      00081         btfss   STATUS,C    
                      00082         goto    Fin_BIN_BCD
                      00083         
                      00084 IncrementaDecenas:
                      00085         movwf   Unidades
                      00086         incf    Decenas
                      00087         movlw   d'10'
                      00088         subwf   Decenas,0
                      00089         btfss   STATUS,C
MPASM 5.62  /HOME/JOSE/CARPETA_GITHUB/MIS_PR   10-12-2015  17:35:19         PAGE  3


LOC  OBJECT CODE     LINE SOURCE TEXT
  VALUE

                      00090         goto    Resta10
                      00091 
                      00092 IncrementaCentenas:
                      00093         clrf    Decenas
                      00094         incf    Centenas
                      00095         goto    Resta10
                      00096         
                      00097 Fin_BIN_BCD:
                      00098         swapf   Decenas,0
                      00099         addwf   Unidades,0
                      00100         return
                      00101     endm
                      00102     
                      00103     org 0x20
                      00104     
000020                00105 Inicio: 
000020 6A93           00106         clrf    TRISB           ;Configuro el puerto B como salida (LEDs)
000022 0E07           00107         movlw     d'7'
000024 6E27           00108         movwf     Delay2
                      00109 
000026                00110 Principal: 
000026 0E76           00111         movlw   Numero          ;Muevo Numero a w
                      00112         ;call   Bin_a_BCD       ;Llamo a la funcion de conversion
                      00113         BINaBCD centena, decena, unidad, w
                          M  
000028                    M Bin_a_BCD:
000028 6A23               M         clrf    centena         ;Limpio las centenas
00002A 6A24               M         clrf    decena          ;Limpio las decenas
00002C 6E25               M         movwf   unidad          ;Cargo el valor a convertir en unidades
                          M         
00002E                    M Resta10:
00002E 0E0A               M         movlw   d'10'           ;Asigno 10 a w
000030 5C25               M         subwf   unidad,0        ;Resto 10 a unidades
000032 A0D8               M         btfss   STATUS,C    
000034 EF?? F???          M         goto    Fin_BIN_BCD
                          M         
000038                    M IncrementaDecenas:
000038 6E25               M         movwf   unidad
00003A 2A24               M         incf    decena
00003C 0E0A               M         movlw   d'10'
00003E 5C24               M         subwf   decena,0
000040 A0D8               M         btfss   STATUS,C
000042 EF?? F???          M         goto    Resta10
                          M 
000046                    M IncrementaCentenas:
000046 6A24               M         clrf    decena
000048 2A23               M         incf    centena
00004A EF?? F???          M         goto    Resta10
                          M         
00004E                    M Fin_BIN_BCD:
00004E 3824               M         swapf   decena,0
000050 2425               M         addwf   unidad,0
000052 0012               M         return
MPASM 5.62  /HOME/JOSE/CARPETA_GITHUB/MIS_PR   10-12-2015  17:35:19         PAGE  4


LOC  OBJECT CODE     LINE SOURCE TEXT
  VALUE

000054 6E81           00114         movwf   PORTB           ;Muestro el resultado a traves de los LEDs
000056 EC?? F???      00115         call    LCD_Port
00005A EF?? F???      00116         goto    $               ;Mequedo aca
                      00117                 
                      00118 ;***********************Subrutina del LCD*****************************
                      00119         
                      00120 ;Description
                      00121 ;       This subroutine provides calls for LCD operation including:
                      00122 ;       - Port Configuration    
                      00123 ;       - Register mode commands
                      00124 ;       - LCD Busy check
                      00125 ;       - LCD Enable toggle
                      00126 
                      00127 ;Variables
                      00128 ;       None
                      00129 
                      00130 ;Requirements
                      00131 ;       Two free levels of processor stack are required for nested calls.
                      00132 ;       The LCD_Init subroutine requires a minimum 5ms delay to initialize
                      00133 ;       the LCD. Delays longer than 5ms are acceptable. LCD_Init calls a
                      00134 ;       subroutine by the name of Delay_5ms which must be included in your
                      00135 ;       calling program. If your calling program contains a delay loop of
                      00136 ;       longer than 5ms, you can use that delay by adding a Delay_5ms
                      00137 ;       label before the routine.
                      00138 
                      00139 ;Use
                      00140 ;       To initialize the LCD display after power-up:
                      00141 ;       1. Call LCD_Port to initialize Port E and Port D for the LCD display
                      00142 ;       2. Call LCD_Init to initialize the LCD controller
                      00143 ;       To write a command or character to the LCD display:
                      00144 ;       1. Call LCD_Port to initialize Port E and Port D for the LCD display
                      00145 ;       2. Move an LCD command or ASCII character into W
                      00146 ;       3. Call LCD_Reg or LCD_Data to send the command or
                      00147 ;          character to the LCD.
                      00148 
                      00149 ; ************** Conexion Hardware para LCD **************************
                      00150 ;LCDModo            EQU PORTE,0     ; Seleccion de registro LCD
                      00151 ;LCDRW          EQU     PORTE,1     ; Lectura / Escritura LCD
                      00152 ;LCDE                   EQU     PORTE,2     ; Habilita LCD
                      00153          
00005E                00154 LCD_Port:
                      00155                 ; Inicializa los buffers triestado puerto D como salidas 
                      00156                 ; para líneas de datos LCD. Establece puerto de A como salida 
                      00157                 ; digital y establece el registro de seleccion del LCD, 
                      00158                 ; Read / Write y Habilitar.
00005E 0EF8           00159                 MOVLW                   b'11111000'  ;Coloca los 3 bits bajos de RE a
000060 1696           00160                 ANDWF                   TRISE           ;salida digital en TRISE
000062 6A95           00161                 CLRF                    TRISD       ;Coloca el Puerto D como salida
                      00162                 ;BCF                    LCDE         ;Hahilita el LCD
000064 9484           00163                 BCF                     PORTE,2
000066 0012           00164                 RETURN                          ;
                      00165     
000068                00166 LCD_Inic:
MPASM 5.62  /HOME/JOSE/CARPETA_GITHUB/MIS_PR   10-12-2015  17:35:19         PAGE  5


LOC  OBJECT CODE     LINE SOURCE TEXT
  VALUE

                      00167                 ; Inicializacion del LCD segun el manual de datos OPTEX
                      00168                 ; Configura las funciones de LCD para pantalla DMC16207
                      00169                 ; Produce reset por software, borra mamoria y 
                      00170                 ; enciende pantalla
Warning[202]: Argument out of range.  Least significant bits used.
000068 0E8C           00171                 MOVLW           LCDFuncion      ; Carga W con codigo inicializacion (38h)
00006A EC?? F???      00172                 CALL            LCD_Comando     ; y lo envia al LCD
00006E EC?? F???      00173                 CALL            Pausa_5ms       ; ...espera
Warning[202]: Argument out of range.  Least significant bits used.
000072 0E8C           00174                 MOVLW           LCDFuncion      ; Carga W con codigo inicializacion (38h)
000074 EC?? F???      00175                 CALL            LCD_Comando     ; y lo envia al LCD
000078 EC?? F???      00176                 CALL            Pausa_5ms       ; ...espera
Warning[202]: Argument out of range.  Least significant bits used.
00007C 0E8C           00177                 MOVLW           LCDFuncion      ; Carga W con codigo inicializacion (38h)
00007E EC?? F???      00178                 CALL            LCD_Comando     ; y lo envia al LCD
000082 EC?? F???      00179                 CALL            Pausa_5ms       ; ...espera
                      00180                 ; Cambie la constanter de la siguiente linea para activar
                      00181                 ; la pantalla ej. LCDOn, CursOn, CursBlink. La constante es 
                      00182                 ; de los comandos de software de la LCD
000086 0E0C           00183                 MOVLW           LCDOn           ; Comando LCD On y Cursor Off
000088 EC?? F???      00184                 CALL            LCD_Comando     ; y lo envia al LCD
00008C 0E01           00185                 MOVLW           LCDCLR          ; Carga W con codigo borrar LCD
00008E EC?? F???      00186                 CALL            LCD_Comando     ; y lo envia al LCD
000092 0E06           00187                 MOVLW           LCDInc          ; Carga W con codigo modo Inc
000094 EC?? F???      00188                 CALL            LCD_Comando     ; y lo envia al LCD
000098 0012           00189                 RETURN
                      00190                 
00009A                00191 LCD_Comando:
                      00192                 ; Carga W con una constante software LCD de la tabla 
                      00193                 ; de igualdades. LCD_Comando saca el comando a la LCD
                      00194                 ; y activa la linea de habilitacion E con LCD_Habilita 
                      00195                 ; para completar el comando.
                      00196                 ;BCF            LCDModo         ; Entra en modo registro
00009A 9084           00197                 BCF             PORTE,0
00009C 6E83           00198                 MOVWF           PORTD           ; Envia W a la puesta D
00009E EC?? F???      00199                 CALL            LCD_Chequea     ; Chequea la bandera de ocupado del LCD
0000A2 EF?? F???      00200                 GOTO            LCD_Habilita    ; Envia el comando
                      00201         
0000A6                00202 LCD_Caracter:
                      00203                 ; Carga W con el codigo del caracter ASCII para enviarlo
                      00204                 ; al LCD. LCD_Caracter saca el caracter al LCD y 
                      00205                 ; activa la linea de Habilitacion (Enable) con
                      00206                 ; LCD_Habilita para completar el envio
                      00207                 ;BCF            LCDModo         ; Entra en modo registro
0000A6 9084           00208                 BCF             PORTE,0         
0000A8 6E83           00209                 MOVWF           PORTD           ; Envia W al puerto D
0000AA EC?? F???      00210                 CALL            LCD_Chequea     ; Chequea la bandera de ocupado
                      00211                 ;BSF            LCDModo         ; Entra en modo ASCII
0000AE 8084           00212                 BSF             PORTE,0         
0000B0 EF?? F???      00213                 GOTO            LCD_Habilita    ; Envia el caracter ASCII
                      00214 
0000B4                00215 LCD_Chequea:
                      00216                 ; Comprueba el estado de la bandera ocupado y espera que cualquier
MPASM 5.62  /HOME/JOSE/CARPETA_GITHUB/MIS_PR   10-12-2015  17:35:19         PAGE  6


LOC  OBJECT CODE     LINE SOURCE TEXT
  VALUE

                      00217                 ; comando anterior termine, antes de volver a la rutina de llamada.
                      00218                 ;BSF                    LCDRW                   ;Coloca el LCD en modo lectura
0000B4 8284           00219                 BSF                     PORTE,1
0000B6 0EFF           00220                 MOVLW                   0xFF                    ;Coloca el Port D como entrada 
0000B8 6E95           00221                 MOVWF                   TRISD                   ;Desabilita el triestado
                      00222                 ;BSF                    LCDE                            ;Habilita el LCD
0000BA 8484           00223                 BSF                     PORTE,2
0000BC 0000           00224                 NOP                                             ;Espera un ciclo
                      00225                 
0000BE                00226 Loop:           
0000BE BE83           00227                 BTFSC                   PORTD,7         ;chequea el bit de ocupado del LCD
0000C0 EF?? F???      00228                 GOTO                    Loop                    ;espera el alto. (Busy=1)
                      00229                 ;BCF                    LCDE                            ;desabilita el  LCD
0000C4 9484           00230                 BCF                     PORTE,2
0000C6 6A95           00231                 CLRF                    TRISD                   ;Coloca el Puerto D como salida
                      00232                 ;BCF                    LCDRW                   ;Vuleve el LCD al modo escritura
0000C8 9284           00233                 BCF                     PORTE,1         
                      00234                 
0000CA 0012           00235                 RETURN                                  
                      00236         
0000CC                00237 LCD_Habilita:   
                      00238                 ; Envia un pulso de habilitacion de 500ns a la LCD para 
                      00239                 ; completar la operacion de escribir un registro o un caracter.
                      00240                 ; La instruccion NOP es necesaria para procesadores de 
                      00241                 ; veloc sup a 8MHz. P Proc de mas de 16 añadir otro NOP.
                      00242                 ;BSF                    LCDE                    ; Pone a 1 la linea Enable
0000CC 8484           00243                 BSF                     PORTE,2
0000CE 0000           00244                 NOP                                                     ; Pausa 250 ns
                      00245                 ;BCF                    LCDE                    ; pone a 0 la linea enable
0000D0 9484           00246                 BCF                     PORTE,2
0000D2 0012           00247                 return
                      00248 
0000D4                00249 Pausa_5ms:            
0000D4 2E26           00250                 decfsz    Delay1,1        ; Decremento Delay1 hasta llegar a cero
0000D6 EF?? F???      00251                 goto      Pausa_5ms       ; cada loop toma 3 ciclos de maquina * 256 loops= 768 instrucc
                            iones
0000DA 2E27           00252                 decfsz    Delay2,1        ; el proximo loop toma 3 ciclos en volver al primer loop, asi 
                            256 veces
0000DC EF?? F???      00253                 goto      Pausa_5ms       ; (768+3) * 256 = 197376 instrucciones / con ciclos de 1uSeg =
                             0.197 seg
0000E0 0E07           00254                 movlw     d'7'
0000E2 6E27           00255                 movwf     Delay2
0000E4 0012           00256                 return
                      00257 
                      00258         
                      00259         end
MPASM 5.62  /HOME/JOSE/CARPETA_GITHUB/MIS_PR   10-12-2015  17:35:19         PAGE  7


SYMBOL TABLE
  LABEL                             VALUE 

A                                 00000000
ABDEN                             00000000
ABDOVF                            00000007
ACCESS                            00000000
ACKDT                             00000005
ACKEN                             00000004
ACKSTAT                           00000006
ACQT0                             00000003
ACQT1                             00000004
ACQT2                             00000005
ADCON0                            00000FC2
ADCON1                            00000FC1
ADCON2                            00000FC0
ADCS0                             00000000
ADCS1                             00000001
ADCS2                             00000002
ADDEN                             00000003
ADEN                              00000003
ADFM                              00000007
ADIE                              00000006
ADIF                              00000006
ADIP                              00000006
ADON                              00000000
ADRES                             00000FC3
ADRESH                            00000FC4
ADRESL                            00000FC3
AN10                              00000001
AN11                              00000004
AN12                              00000000
AN4                               00000005
AN5                               00000000
AN6                               00000001
AN7                               00000002
AN8                               00000002
AN9                               00000003
BANKED                            00000001
BAUDCON                           00000FB8
BAUDCTL                           00000FB8
BCLIE                             00000003
BCLIF                             00000003
BCLIP                             00000003
BF                                00000000
BGST                              00000005
BINaBCD                           
BOR                               00000000
BRG16                             00000003
BRGH                              00000002
BSR                               00000FE0
Bin_a_BCD                         00000028
C                                 00000000
C1INV                             00000004
C1OUT                             00000006
C2INV                             00000005
MPASM 5.62  /HOME/JOSE/CARPETA_GITHUB/MIS_PR   10-12-2015  17:35:19         PAGE  8


SYMBOL TABLE
  LABEL                             VALUE 

C2OUT                             00000007
CCP1                              00000002
CCP1CON                           00000FBD
CCP1IE                            00000002
CCP1IF                            00000002
CCP1IP                            00000002
CCP1M0                            00000000
CCP1M1                            00000001
CCP1M2                            00000002
CCP1M3                            00000003
CCP1X                             00000005
CCP1Y                             00000004
CCP2CON                           00000FBA
CCP2IE                            00000000
CCP2IF                            00000000
CCP2IP                            00000000
CCP2M0                            00000000
CCP2M1                            00000001
CCP2M2                            00000002
CCP2M3                            00000003
CCP2X                             00000005
CCP2Y                             00000004
CCP2_PORTB                        00000003
CCP2_PORTC                        00000001
CCPR1                             00000FBE
CCPR1H                            00000FBF
CCPR1L                            00000FBE
CCPR2                             00000FBB
CCPR2H                            00000FBC
CCPR2L                            00000FBB
CFGS                              00000006
CHS0                              00000002
CHS1                              00000003
CHS2                              00000004
CHS3                              00000005
CIS                               00000003
CK                                00000006
CKE                               00000006
CKP                               00000004
CM0                               00000000
CM1                               00000001
CM2                               00000002
CMCON                             00000FB4
CMIE                              00000006
CMIF                              00000006
CMIP                              00000006
CREN                              00000004
CS                                00000002
CSRC                              00000007
CVR0                              00000000
CVR1                              00000001
CVR2                              00000002
CVR3                              00000003
MPASM 5.62  /HOME/JOSE/CARPETA_GITHUB/MIS_PR   10-12-2015  17:35:19         PAGE  9


SYMBOL TABLE
  LABEL                             VALUE 

CVRCON                            00000FB5
CVREN                             00000007
CVROE                             00000006
CVRR                              00000005
CVRSS                             00000004
Centenas                          00000020
CursBlink                         0000000F
CursDecha                         0000014C
CursIzda                          0000010C
CursOff                           0000000C
CursOn                            0000000E
D                                 00000005
DC                                00000001
DC1B0                             00000004
DC1B1                             00000005
DC2B0                             00000004
DC2B1                             00000005
DDRA                              TRISA
DDRB                              TRISB
DDRC                              TRISC
DDRD                              TRISD
DDRE                              TRISE
DONE                              00000001
D_A                               00000005
D_NOT_A                           00000005
Decenas                           00000021
Delay1                            00000026
Delay2                            00000027
ECCP1AS                           00000FB6
ECCPAS0                           00000004
ECCPAS1                           00000005
ECCPAS2                           00000006
ECCPASE                           00000007
EEADR                             00000FA9
EEADRH                            00000FAA
EECON1                            00000FA6
EECON2                            00000FA7
EEDATA                            00000FA8
EEIE                              00000004
EEIF                              00000004
EEIP                              00000004
EEPGD                             00000007
FAST                              00000001
FERR                              00000002
FREE                              00000004
FSR0                              00000000
FSR0H                             00000FEA
FSR0L                             00000FE9
FSR1                              00000001
FSR1H                             00000FE2
FSR1L                             00000FE1
FSR2                              00000002
FSR2H                             00000FDA
MPASM 5.62  /HOME/JOSE/CARPETA_GITHUB/MIS_PR   10-12-2015  17:35:19         PAGE 10


SYMBOL TABLE
  LABEL                             VALUE 

FSR2L                             00000FD9
Fin_BIN_BCD                       0000004E
GCEN                              00000007
GIE                               00000007
GIEH                              00000007
GIEL                              00000006
GIE_GIEH                          00000007
GO                                00000001
GO_DONE                           00000001
GO_NOT_DONE                       00000001
HLVDCON                           00000FD2
HLVDEN                            00000004
HLVDIE                            00000002
HLVDIF                            00000002
HLVDIN                            00000005
HLVDIP                            00000002
HLVDL0                            00000000
HLVDL1                            00000001
HLVDL2                            00000002
HLVDL3                            00000003
IBF                               00000007
IBOV                              00000005
IDLEN                             00000007
INDF0                             00000FEF
INDF1                             00000FE7
INDF2                             00000FDF
INT0                              00000000
INT0E                             00000004
INT0F                             00000001
INT0IE                            00000004
INT0IF                            00000001
INT1                              00000001
INT1E                             00000003
INT1F                             00000000
INT1IE                            00000003
INT1IF                            00000000
INT1IP                            00000006
INT1P                             00000006
INT2                              00000002
INT2E                             00000004
INT2F                             00000001
INT2IE                            00000004
INT2IF                            00000001
INT2IP                            00000007
INT2P                             00000007
INTCON                            00000FF2
INTCON2                           00000FF1
INTCON3                           00000FF0
INTEDG0                           00000006
INTEDG1                           00000005
INTEDG2                           00000004
INTSRC                            00000007
IOFS                              00000002
MPASM 5.62  /HOME/JOSE/CARPETA_GITHUB/MIS_PR   10-12-2015  17:35:19         PAGE 11


SYMBOL TABLE
  LABEL                             VALUE 

IPEN                              00000007
IPR1                              00000F9F
IPR2                              00000FA2
IRCF0                             00000004
IRCF1                             00000005
IRCF2                             00000006
IRVST                             00000005
IVRST                             00000005
IncrementaCentenas                00000046
IncrementaDecenas                 00000038
Inicio                            00000020
KBI0                              00000004
KBI1                              00000005
KBI2                              00000006
KBI3                              00000007
LATA                              00000F89
LATA0                             00000000
LATA1                             00000001
LATA2                             00000002
LATA3                             00000003
LATA4                             00000004
LATA5                             00000005
LATA6                             00000006
LATA7                             00000007
LATB                              00000F8A
LATB0                             00000000
LATB1                             00000001
LATB2                             00000002
LATB3                             00000003
LATB4                             00000004
LATB5                             00000005
LATB6                             00000006
LATB7                             00000007
LATC                              00000F8B
LATC0                             00000000
LATC1                             00000001
LATC2                             00000002
LATC3                             00000003
LATC4                             00000004
LATC5                             00000005
LATC6                             00000006
LATC7                             00000007
LATD                              00000F8C
LATD0                             00000000
LATD1                             00000001
LATD2                             00000002
LATD3                             00000003
LATD4                             00000004
LATD5                             00000005
LATD6                             00000006
LATD7                             00000007
LATE                              00000F8D
LATE0                             00000000
MPASM 5.62  /HOME/JOSE/CARPETA_GITHUB/MIS_PR   10-12-2015  17:35:19         PAGE 12


SYMBOL TABLE
  LABEL                             VALUE 

LATE1                             00000001
LATE2                             00000002
LCDCGRAM                          0000040C
LCDCLR                            00000001
LCDCasa                           00000002
LCDDec                            00000004
LCDDecha                          0000001C
LCDFuncion                        0000038C
LCDInc                            00000006
LCDIzda                           00000018
LCDLinea1                         00000080
LCDLinea2                         000000C0
LCDOff                            00000008
LCDOn                             0000000C
LCD_Caracter                      000000A6
LCD_Chequea                       000000B4
LCD_Comando                       0000009A
LCD_Habilita                      000000CC
LCD_Inic                          00000068
LCD_Port                          0000005E
LVDCON                            00000FD2
LVDEN                             00000004
LVDIE                             00000002
LVDIF                             00000002
LVDIN                             00000005
LVDIP                             00000002
LVDL0                             00000000
LVDL1                             00000001
LVDL2                             00000002
LVDL3                             00000003
LVV0                              00000000
LVV1                              00000001
LVV2                              00000002
LVV3                              00000003
Loop                              000000BE
MCLR                              00000003
N                                 00000004
NOT_A                             00000005
NOT_ADDRESS                       00000005
NOT_BOR                           00000000
NOT_CS                            00000002
NOT_DONE                          00000001
NOT_MCLR                          00000003
NOT_PD                            00000002
NOT_POR                           00000001
NOT_RBPU                          00000007
NOT_RD                            00000000
NOT_RI                            00000004
NOT_SS                            00000005
NOT_T1SYNC                        00000002
NOT_T3SYNC                        00000002
NOT_TO                            00000003
NOT_W                             00000002
MPASM 5.62  /HOME/JOSE/CARPETA_GITHUB/MIS_PR   10-12-2015  17:35:19         PAGE 13


SYMBOL TABLE
  LABEL                             VALUE 

NOT_WR                            00000001
NOT_WRITE                         00000002
Numero                            00000076
OBF                               00000006
OERR                              00000001
OSCCON                            00000FD3
OSCFIE                            00000007
OSCFIF                            00000007
OSCFIP                            00000007
OSCTUNE                           00000F9B
OSTS                              00000003
OV                                00000003
P                                 00000004
P1B                               00000005
P1C                               00000006
P1D                               00000007
P1M0                              00000006
P1M1                              00000007
PC                                00000FF9
PCFG0                             00000000
PCFG1                             00000001
PCFG2                             00000002
PCFG3                             00000003
PCL                               00000FF9
PCLATH                            00000FFA
PCLATU                            00000FFB
PD                                00000002
PDC0                              00000000
PDC1                              00000001
PDC2                              00000002
PDC3                              00000003
PDC4                              00000004
PDC5                              00000005
PDC6                              00000006
PEIE                              00000006
PEIE_GIEL                         00000006
PEN                               00000002
PGC                               00000006
PGD                               00000007
PGM                               00000005
PIE1                              00000F9D
PIE2                              00000FA0
PIR1                              00000F9E
PIR2                              00000FA1
PLLEN                             00000006
PLUSW0                            00000FEB
PLUSW1                            00000FE3
PLUSW2                            00000FDB
POR                               00000001
PORTA                             00000F80
PORTB                             00000F81
PORTC                             00000F82
PORTD                             00000F83
MPASM 5.62  /HOME/JOSE/CARPETA_GITHUB/MIS_PR   10-12-2015  17:35:19         PAGE 14


SYMBOL TABLE
  LABEL                             VALUE 

PORTE                             00000F84
POSTDEC0                          00000FED
POSTDEC1                          00000FE5
POSTDEC2                          00000FDD
POSTINC0                          00000FEE
POSTINC1                          00000FE6
POSTINC2                          00000FDE
PR2                               00000FCB
PREINC0                           00000FEC
PREINC1                           00000FE4
PREINC2                           00000FDC
PROD                              00000FF3
PRODH                             00000FF4
PRODL                             00000FF3
PRSEN                             00000007
PSA                               00000003
PSP0                              00000000
PSP1                              00000001
PSP2                              00000002
PSP3                              00000003
PSP4                              00000004
PSP5                              00000005
PSP6                              00000006
PSP7                              00000007
PSPIE                             00000007
PSPIF                             00000007
PSPIP                             00000007
PSPMODE                           00000004
PSSAC0                            00000002
PSSAC1                            00000003
PSSBD0                            00000000
PSSBD1                            00000001
PWM1CON                           00000FB7
Pausa_5ms                         000000D4
Principal                         00000026
R                                 00000002
RA0                               00000000
RA1                               00000001
RA2                               00000002
RA3                               00000003
RA4                               00000004
RA5                               00000005
RA6                               00000006
RA7                               00000007
RB0                               00000000
RB1                               00000001
RB2                               00000002
RB3                               00000003
RB4                               00000004
RB5                               00000005
RB6                               00000006
RB7                               00000007
RBIE                              00000003
MPASM 5.62  /HOME/JOSE/CARPETA_GITHUB/MIS_PR   10-12-2015  17:35:19         PAGE 15


SYMBOL TABLE
  LABEL                             VALUE 

RBIF                              00000000
RBIP                              00000000
RBPU                              00000007
RC0                               00000000
RC1                               00000001
RC2                               00000002
RC3                               00000003
RC4                               00000004
RC5                               00000005
RC6                               00000006
RC7                               00000007
RCEN                              00000003
RCIDL                             00000006
RCIE                              00000005
RCIF                              00000005
RCIP                              00000005
RCMT                              00000006
RCON                              00000FD0
RCREG                             00000FAE
RCSTA                             00000FAB
RD                                00000000
RD0                               00000000
RD1                               00000001
RD16                              00000007
RD2                               00000002
RD3                               00000003
RD4                               00000004
RD5                               00000005
RD6                               00000006
RD7                               00000007
RE0                               00000000
RE1                               00000001
RE2                               00000002
RE3                               00000003
RI                                00000004
RSEN                              00000001
RX                                00000007
RX9                               00000006
RX9D                              00000000
RXCKP                             00000005
RXDTP                             00000005
R_NOT_W                           00000002
R_W                               00000002
Resta10                           0000002E
S                                 00000003
SBOREN                            00000006
SCK                               00000003
SCKP                              00000004
SCL                               00000003
SCS0                              00000000
SCS1                              00000001
SDA                               00000004
SDI                               00000004
MPASM 5.62  /HOME/JOSE/CARPETA_GITHUB/MIS_PR   10-12-2015  17:35:19         PAGE 16


SYMBOL TABLE
  LABEL                             VALUE 

SDO                               00000005
SEN                               00000000
SENDB                             00000003
SMP                               00000007
SP0                               00000000
SP1                               00000001
SP2                               00000002
SP3                               00000003
SP4                               00000004
SPBRG                             00000FAF
SPBRGH                            00000FB0
SPEN                              00000007
SREN                              00000005
SS                                00000005
SSPADD                            00000FC8
SSPBUF                            00000FC9
SSPCON1                           00000FC6
SSPCON2                           00000FC5
SSPEN                             00000005
SSPIE                             00000003
SSPIF                             00000003
SSPIP                             00000003
SSPM0                             00000000
SSPM1                             00000001
SSPM2                             00000002
SSPM3                             00000003
SSPOV                             00000006
SSPSTAT                           00000FC7
STATUS                            00000FD8
STKFUL                            00000007
STKOVF                            00000007
STKPTR                            00000FFC
STKPTR0                           00000000
STKPTR1                           00000001
STKPTR2                           00000002
STKPTR3                           00000003
STKPTR4                           00000004
STKUNF                            00000006
SWDTE                             00000000
SWDTEN                            00000000
SYNC                              00000004
T016BIT                           00000006
T08BIT                            00000006
T0CKI                             00000004
T0CON                             00000FD5
T0CS                              00000005
T0IE                              00000005
T0IF                              00000002
T0PS0                             00000000
T0PS1                             00000001
T0PS2                             00000002
T0SE                              00000004
T13CKI                            00000000
MPASM 5.62  /HOME/JOSE/CARPETA_GITHUB/MIS_PR   10-12-2015  17:35:19         PAGE 17


SYMBOL TABLE
  LABEL                             VALUE 

T1CKI                             00000000
T1CKPS0                           00000004
T1CKPS1                           00000005
T1CON                             00000FCD
T1OSCEN                           00000003
T1OSI                             00000001
T1OSO                             00000000
T1RUN                             00000006
T1SYNC                            00000002
T2CKPS0                           00000000
T2CKPS1                           00000001
T2CON                             00000FCA
T2OUTPS0                          00000003
T2OUTPS1                          00000004
T2OUTPS2                          00000005
T2OUTPS3                          00000006
T3CCP1                            00000003
T3CCP2                            00000006
T3CKPS0                           00000004
T3CKPS1                           00000005
T3CON                             00000FB1
T3SYNC                            00000002
TABLAT                            00000FF5
TBLPTR                            00000FF6
TBLPTRH                           00000FF7
TBLPTRL                           00000FF6
TBLPTRU                           00000FF8
TMR0                              00000FD6
TMR0H                             00000FD7
TMR0IE                            00000005
TMR0IF                            00000002
TMR0IP                            00000002
TMR0L                             00000FD6
TMR0ON                            00000007
TMR1                              00000FCE
TMR1CS                            00000001
TMR1H                             00000FCF
TMR1IE                            00000000
TMR1IF                            00000000
TMR1IP                            00000000
TMR1L                             00000FCE
TMR1ON                            00000000
TMR2                              00000FCC
TMR2IE                            00000001
TMR2IF                            00000001
TMR2IP                            00000001
TMR2ON                            00000002
TMR3                              00000FB2
TMR3CS                            00000001
TMR3H                             00000FB3
TMR3IE                            00000001
TMR3IF                            00000001
TMR3IP                            00000001
MPASM 5.62  /HOME/JOSE/CARPETA_GITHUB/MIS_PR   10-12-2015  17:35:19         PAGE 18


SYMBOL TABLE
  LABEL                             VALUE 

TMR3L                             00000FB2
TMR3ON                            00000000
TO                                00000003
TOS                               00000FFD
TOSH                              00000FFE
TOSL                              00000FFD
TOSU                              00000FFF
TRISA                             00000F92
TRISA0                            00000000
TRISA1                            00000001
TRISA2                            00000002
TRISA3                            00000003
TRISA4                            00000004
TRISA5                            00000005
TRISA6                            00000006
TRISA7                            00000007
TRISB                             00000F93
TRISB0                            00000000
TRISB1                            00000001
TRISB2                            00000002
TRISB3                            00000003
TRISB4                            00000004
TRISB5                            00000005
TRISB6                            00000006
TRISB7                            00000007
TRISC                             00000F94
TRISC0                            00000000
TRISC1                            00000001
TRISC2                            00000002
TRISC3                            00000003
TRISC4                            00000004
TRISC5                            00000005
TRISC6                            00000006
TRISC7                            00000007
TRISD                             00000F95
TRISD0                            00000000
TRISD1                            00000001
TRISD2                            00000002
TRISD3                            00000003
TRISD4                            00000004
TRISD5                            00000005
TRISD6                            00000006
TRISD7                            00000007
TRISE                             00000F96
TRISE0                            00000000
TRISE1                            00000001
TRISE2                            00000002
TRMT                              00000001
TUN0                              00000000
TUN1                              00000001
TUN2                              00000002
TUN3                              00000003
TUN4                              00000004
MPASM 5.62  /HOME/JOSE/CARPETA_GITHUB/MIS_PR   10-12-2015  17:35:19         PAGE 19


SYMBOL TABLE
  LABEL                             VALUE 

TX                                00000006
TX9                               00000006
TX9D                              00000000
TXCKP                             00000004
TXEN                              00000005
TXIE                              00000004
TXIF                              00000004
TXIP                              00000004
TXREG                             00000FAD
TXSTA                             00000FAC
UA                                00000001
Unidades                          00000022
VCFG0                             00000004
VCFG1                             00000005
VDIRMAG                           00000007
VPP                               00000003
W                                 00000000
WCOL                              00000007
WDTCON                            00000FD1
WR                                00000001
WREG                              00000FE8
WREN                              00000002
WRERR                             00000003
WUE                               00000001
Z                                 00000002
_.org_0_005A                      0000005A
_BOREN_NOSLP_2L                   000000FD
_BOREN_OFF_2L                     000000F9
_BOREN_ON_2L                      000000FB
_BOREN_SBORDIS_2L                 000000FF
_BORV_0_2L                        000000E7
_BORV_1_2L                        000000EF
_BORV_2_2L                        000000F7
_BORV_3_2L                        000000FF
_CCP2MX_PORTBE_3H                 000000FE
_CCP2MX_PORTC_3H                  000000FF
_CONFIG1H                         00300001
_CONFIG2H                         00300003
_CONFIG2L                         00300002
_CONFIG3H                         00300005
_CONFIG4L                         00300006
_CONFIG5H                         00300009
_CONFIG5L                         00300008
_CONFIG6H                         0030000B
_CONFIG6L                         0030000A
_CONFIG7H                         0030000D
_CONFIG7L                         0030000C
_CP0_OFF_5L                       000000FF
_CP0_ON_5L                        000000FE
_CP1_OFF_5L                       000000FF
_CP1_ON_5L                        000000FD
_CP2_OFF_5L                       000000FF
_CP2_ON_5L                        000000FB
MPASM 5.62  /HOME/JOSE/CARPETA_GITHUB/MIS_PR   10-12-2015  17:35:19         PAGE 20


SYMBOL TABLE
  LABEL                             VALUE 

_CP3_OFF_5L                       000000FF
_CP3_ON_5L                        000000F7
_CPB_OFF_5H                       000000FF
_CPB_ON_5H                        000000BF
_CPD_OFF_5H                       000000FF
_CPD_ON_5H                        0000007F
_DEBUG_OFF_4L                     000000FF
_DEBUG_ON_4L                      0000007F
_DEVID1                           003FFFFE
_DEVID2                           003FFFFF
_EBTR0_OFF_7L                     000000FF
_EBTR0_ON_7L                      000000FE
_EBTR1_OFF_7L                     000000FF
_EBTR1_ON_7L                      000000FD
_EBTR2_OFF_7L                     000000FF
_EBTR2_ON_7L                      000000FB
_EBTR3_OFF_7L                     000000FF
_EBTR3_ON_7L                      000000F7
_EBTRB_OFF_7H                     000000FF
_EBTRB_ON_7H                      000000BF
_FCMEN_OFF_1H                     000000BF
_FCMEN_ON_1H                      000000FF
_IDLOC0                           00200000
_IDLOC1                           00200001
_IDLOC2                           00200002
_IDLOC3                           00200003
_IDLOC4                           00200004
_IDLOC5                           00200005
_IDLOC6                           00200006
_IDLOC7                           00200007
_IESO_OFF_1H                      0000007F
_IESO_ON_1H                       000000FF
_LPT1OSC_OFF_3H                   000000FB
_LPT1OSC_ON_3H                    000000FF
_LVP_OFF_4L                       000000FB
_LVP_ON_4L                        000000FF
_MCLRE_OFF_3H                     0000007F
_MCLRE_ON_3H                      000000FF
_OSC_ECIO6_1H                     000000F5
_OSC_EC_1H                        000000F4
_OSC_HSPLL_1H                     000000F6
_OSC_HS_1H                        000000F2
_OSC_INTIO67_1H                   000000F8
_OSC_INTIO7_1H                    000000F9
_OSC_LP_1H                        000000F0
_OSC_RCIO6_1H                     000000F7
_OSC_RC_1H                        000000F3
_OSC_XT_1H                        000000F1
_PBADEN_OFF_3H                    000000FD
_PBADEN_ON_3H                     000000FF
_PWRT_OFF_2L                      000000FF
_PWRT_ON_2L                       000000FE
_STVREN_OFF_4L                    000000FE
MPASM 5.62  /HOME/JOSE/CARPETA_GITHUB/MIS_PR   10-12-2015  17:35:19         PAGE 21


SYMBOL TABLE
  LABEL                             VALUE 

_STVREN_ON_4L                     000000FF
_WDTPS_1024_2H                    000000F5
_WDTPS_128_2H                     000000EF
_WDTPS_16384_2H                   000000FD
_WDTPS_16_2H                      000000E9
_WDTPS_1_2H                       000000E1
_WDTPS_2048_2H                    000000F7
_WDTPS_256_2H                     000000F1
_WDTPS_2_2H                       000000E3
_WDTPS_32768_2H                   000000FF
_WDTPS_32_2H                      000000EB
_WDTPS_4096_2H                    000000F9
_WDTPS_4_2H                       000000E5
_WDTPS_512_2H                     000000F3
_WDTPS_64_2H                      000000ED
_WDTPS_8192_2H                    000000FB
_WDTPS_8_2H                       000000E7
_WDT_OFF_2H                       000000FE
_WDT_ON_2H                        000000FF
_WRT0_OFF_6L                      000000FF
_WRT0_ON_6L                       000000FE
_WRT1_OFF_6L                      000000FF
_WRT1_ON_6L                       000000FD
_WRT2_OFF_6L                      000000FF
_WRT2_ON_6L                       000000FB
_WRT3_OFF_6L                      000000FF
_WRT3_ON_6L                       000000F7
_WRTB_OFF_6H                      000000FF
_WRTB_ON_6H                       000000BF
_WRTC_OFF_6H                      000000FF
_WRTC_ON_6H                       000000DF
_WRTD_OFF_6H                      000000FF
_WRTD_ON_6H                       0000007F
_XINST_OFF_4L                     000000BF
_XINST_ON_4L                      000000FF
__18F4620                         00000001
centena                           00000023
decena                            00000024
unidad                            00000025

Errors   :     0
Warnings :     3 reported,     0 suppressed
Messages :     0 reported,     0 suppressed

